# JRE version: OpenJDK Runtime Environment (11.0.20.1+1) (build 11.0.20.1+1-post-Ubuntu-0ubuntu122.04)
# Java VM: OpenJDK 64-Bit Server VM (11.0.20.1+1-post-Ubuntu-0ubuntu122.04, mixed mode, sharing, tiered, compressed oops, g1 gc, linux-amd64)
Heap:
 garbage-first heap   total 264192K, used 60791K [0x00000000e0000000, 0x0000000100000000)
  region size 1024K, 34 young (34816K), 14 survivors (14336K)
 Metaspace       used 59614K, capacity 62089K, committed 62208K, reserved 438272K
  class space    used 8189K, capacity 9174K, committed 9216K, reserved 385024K
GC Heap History (14 events):
Event: 0.416 GC heap before
{Heap before GC invocations=0 (full 0):
 garbage-first heap   total 264192K, used 28368K [0x00000000e0000000, 0x0000000100000000)
  region size 1024K, 24 young (24576K), 0 survivors (0K)
 Metaspace       used 3244K, capacity 6010K, committed 6144K, reserved 393216K
  class space    used 400K, capacity 689K, committed 768K, reserved 385024K
}
Event: 0.425 GC heap after
{Heap after GC invocations=1 (full 0):
 garbage-first heap   total 264192K, used 11384K [0x00000000e0000000, 0x0000000100000000)
  region size 1024K, 3 young (3072K), 3 survivors (3072K)
 Metaspace       used 3244K, capacity 6010K, committed 6144K, reserved 393216K
  class space    used 400K, capacity 689K, committed 768K, reserved 385024K
}
Event: 1.908 GC heap before
{Heap before GC invocations=1 (full 0):
 garbage-first heap   total 264192K, used 164984K [0x00000000e0000000, 0x0000000100000000)
  region size 1024K, 153 young (156672K), 3 survivors (3072K)
 Metaspace       used 18378K, capacity 18981K, committed 19072K, reserved 401408K
  class space    used 2656K, capacity 2917K, committed 2944K, reserved 385024K
}
Event: 1.920 GC heap after
{Heap after GC invocations=2 (full 0):
 garbage-first heap   total 264192K, used 21042K [0x00000000e0000000, 0x0000000100000000)
  region size 1024K, 13 young (13312K), 13 survivors (13312K)
 Metaspace       used 18378K, capacity 18981K, committed 19072K, reserved 401408K
  class space    used 2656K, capacity 2917K, committed 2944K, reserved 385024K
}
Event: 2.095 GC heap before
{Heap before GC invocations=2 (full 0):
 garbage-first heap   total 264192K, used 43570K [0x00000000e0000000, 0x0000000100000000)
  region size 1024K, 36 young (36864K), 13 survivors (13312K)
 Metaspace       used 20421K, capacity 21084K, committed 21248K, reserved 403456K
  class space    used 2959K, capacity 3238K, committed 3328K, reserved 385024K
}
Event: 2.102 GC heap after
{Heap after GC invocations=3 (full 0):
 garbage-first heap   total 264192K, used 21661K [0x00000000e0000000, 0x0000000100000000)
  region size 1024K, 11 young (11264K), 11 survivors (11264K)
 Metaspace       used 20421K, capacity 21084K, committed 21248K, reserved 403456K
  class space    used 2959K, capacity 3238K, committed 3328K, reserved 385024K
}
Event: 2.985 GC heap before
{Heap before GC invocations=4 (full 0):
 garbage-first heap   total 264192K, used 128157K [0x00000000e0000000, 0x0000000100000000)
  region size 1024K, 116 young (118784K), 11 survivors (11264K)
 Metaspace       used 31818K, capacity 32873K, committed 33024K, reserved 413696K
  class space    used 4423K, capacity 4847K, committed 4864K, reserved 385024K
}
Event: 2.995 GC heap after
{Heap after GC invocations=5 (full 0):
 garbage-first heap   total 264192K, used 28457K [0x00000000e0000000, 0x0000000100000000)
  region size 1024K, 8 young (8192K), 8 survivors (8192K)
 Metaspace       used 31818K, capacity 32873K, committed 33024K, reserved 413696K
  class space    used 4423K, capacity 4847K, committed 4864K, reserved 385024K
}
Event: 3.224 GC heap before
{Heap before GC invocations=5 (full 0):
 garbage-first heap   total 264192K, used 60201K [0x00000000e0000000, 0x0000000100000000)
  region size 1024K, 35 young (35840K), 8 survivors (8192K)
 Metaspace       used 34697K, capacity 35749K, committed 35840K, reserved 415744K
  class space    used 4785K, capacity 5209K, committed 5248K, reserved 385024K
}
Event: 3.230 GC heap after
{Heap after GC invocations=6 (full 0):
 garbage-first heap   total 264192K, used 28643K [0x00000000e0000000, 0x0000000100000000)
  region size 1024K, 8 young (8192K), 8 survivors (8192K)
 Metaspace       used 34697K, capacity 35749K, committed 35840K, reserved 415744K
  class space    used 4785K, capacity 5209K, committed 5248K, reserved 385024K
}
Event: 4.241 GC heap before
{Heap before GC invocations=7 (full 0):
 garbage-first heap   total 264192K, used 178147K [0x00000000e0000000, 0x0000000100000000)
  region size 1024K, 153 young (156672K), 8 survivors (8192K)
 Metaspace       used 44301K, capacity 46003K, committed 46080K, reserved 425984K
  class space    used 6171K, capacity 6868K, committed 6912K, reserved 385024K
}
Event: 4.252 GC heap after
{Heap after GC invocations=8 (full 0):
 garbage-first heap   total 264192K, used 37033K [0x00000000e0000000, 0x0000000100000000)
  region size 1024K, 16 young (16384K), 16 survivors (16384K)
 Metaspace       used 44301K, capacity 46003K, committed 46080K, reserved 425984K
  class space    used 6171K, capacity 6868K, committed 6912K, reserved 385024K
}
Event: 1364.271 GC heap before
{Heap before GC invocations=8 (full 0):
 garbage-first heap   total 264192K, used 175273K [0x00000000e0000000, 0x0000000100000000)
  region size 1024K, 153 young (156672K), 16 survivors (16384K)
 Metaspace       used 57423K, capacity 59757K, committed 59904K, reserved 436224K
  class space    used 7953K, capacity 8872K, committed 8960K, reserved 385024K
}
Event: 1364.281 GC heap after
{Heap after GC invocations=9 (full 0):
 garbage-first heap   total 264192K, used 41335K [0x00000000e0000000, 0x0000000100000000)
  region size 1024K, 14 young (14336K), 14 survivors (14336K)
 Metaspace       used 57423K, capacity 59757K, committed 59904K, reserved 436224K
  class space    used 7953K, capacity 8872K, committed 8960K, reserved 385024K
}

